<?xml version="1.0" encoding="UTF-8"?>
<testsuite name="org.hse.software.construction.merge.MergeApplicationTests" tests="1" skipped="0" failures="0" errors="0" timestamp="2024-04-18T04:27:07" hostname="DESKTOP-EAQS3TQ" time="0.426">
  <properties/>
  <testcase name="contextLoads()" classname="org.hse.software.construction.merge.MergeApplicationTests" time="0.426"/>
  <system-out><![CDATA[07:27:02.502 [Test worker] INFO org.springframework.test.context.support.AnnotationConfigContextLoaderUtils -- Could not detect default configuration classes for test class [org.hse.software.construction.merge.MergeApplicationTests]: MergeApplicationTests does not declare any static, non-private, non-final, nested classes annotated with @Configuration.
07:27:02.612 [Test worker] INFO org.springframework.boot.test.context.SpringBootTestContextBootstrapper -- Found @SpringBootConfiguration org.hse.software.construction.merge.MergeApplication for test class org.hse.software.construction.merge.MergeApplicationTests

  .   ____          _            __ _ _
 /\\ / ___'_ __ _ _(_)_ __  __ _ \ \ \ \
( ( )\___ | '_ | '_| | '_ \/ _` | \ \ \ \
 \\/  ___)| |_)| | | | | || (_| |  ) ) ) )
  '  |____| .__|_| |_|_| |_\__, | / / / /
 =========|_|==============|___/=/_/_/_/
 :: Spring Boot ::                (v3.2.4)

2024-04-18T07:27:02.985+03:00  INFO 8800 --- [Merge] [    Test worker] o.h.s.c.merge.MergeApplicationTests      : Starting MergeApplicationTests using Java 17.0.10 with PID 8800 (started by Георгий in C:\Users\Георгий\CourseApp\Merge)
2024-04-18T07:27:02.985+03:00  INFO 8800 --- [Merge] [    Test worker] o.h.s.c.merge.MergeApplicationTests      : No active profile set, falling back to 1 default profile: "default"
2024-04-18T07:27:03.630+03:00  INFO 8800 --- [Merge] [    Test worker] .s.d.r.c.RepositoryConfigurationDelegate : Bootstrapping Spring Data JPA repositories in DEFAULT mode.
2024-04-18T07:27:03.691+03:00  INFO 8800 --- [Merge] [    Test worker] .s.d.r.c.RepositoryConfigurationDelegate : Finished Spring Data repository scanning in 49 ms. Found 3 JPA repository interfaces.
2024-04-18T07:27:04.112+03:00  INFO 8800 --- [Merge] [    Test worker] o.hibernate.jpa.internal.util.LogHelper  : HHH000204: Processing PersistenceUnitInfo [name: default]
2024-04-18T07:27:04.175+03:00  INFO 8800 --- [Merge] [    Test worker] org.hibernate.Version                    : HHH000412: Hibernate ORM core version 6.4.4.Final
2024-04-18T07:27:04.222+03:00  INFO 8800 --- [Merge] [    Test worker] o.h.c.internal.RegionFactoryInitiator    : HHH000026: Second-level cache disabled
2024-04-18T07:27:04.487+03:00  INFO 8800 --- [Merge] [    Test worker] o.s.o.j.p.SpringPersistenceUnitInfo      : No LoadTimeWeaver setup: ignoring JPA class transformer
2024-04-18T07:27:04.519+03:00  INFO 8800 --- [Merge] [    Test worker] com.zaxxer.hikari.HikariDataSource       : HikariPool-1 - Starting...
2024-04-18T07:27:04.707+03:00  INFO 8800 --- [Merge] [    Test worker] com.zaxxer.hikari.pool.HikariPool        : HikariPool-1 - Added connection org.postgresql.jdbc.PgConnection@3d71e10b
2024-04-18T07:27:04.707+03:00  INFO 8800 --- [Merge] [    Test worker] com.zaxxer.hikari.HikariDataSource       : HikariPool-1 - Start completed.
2024-04-18T07:27:05.770+03:00  INFO 8800 --- [Merge] [    Test worker] o.h.e.t.j.p.i.JtaPlatformInitiator       : HHH000489: No JTA platform available (set 'hibernate.transaction.jta.platform' to enable JTA platform integration)
2024-04-18T07:27:05.926+03:00  INFO 8800 --- [Merge] [    Test worker] j.LocalContainerEntityManagerFactoryBean : Initialized JPA EntityManagerFactory for persistence unit 'default'
2024-04-18T07:27:06.708+03:00  INFO 8800 --- [Merge] [    Test worker] o.s.s.web.DefaultSecurityFilterChain     : Will secure any request with [org.springframework.security.web.session.DisableEncodeUrlFilter@1b4ade78, org.springframework.security.web.context.request.async.WebAsyncManagerIntegrationFilter@45fa7fb7, org.springframework.security.web.context.SecurityContextHolderFilter@2fb555e8, org.springframework.security.web.header.HeaderWriterFilter@1ff52a71, org.springframework.web.filter.CorsFilter@32eeef08, org.springframework.security.web.csrf.CsrfFilter@2c56e044, org.springframework.security.web.authentication.logout.LogoutFilter@55f54852, org.springframework.security.web.authentication.UsernamePasswordAuthenticationFilter@408bb173, org.springframework.security.web.savedrequest.RequestCacheAwareFilter@6c502018, org.springframework.security.web.servletapi.SecurityContextHolderAwareRequestFilter@58c93be3, org.springframework.security.web.authentication.AnonymousAuthenticationFilter@bbf361a, org.springframework.security.web.access.ExceptionTranslationFilter@7ab8c972, org.springframework.security.web.access.intercept.AuthorizationFilter@b97f195]
2024-04-18T07:27:07.067+03:00  INFO 8800 --- [Merge] [    Test worker] o.h.s.c.merge.MergeApplicationTests      : Started MergeApplicationTests in 4.314 seconds (process running for 5.389)
]]></system-out>
  <system-err><![CDATA[]]></system-err>
</testsuite>
